2016年08月17日 14:32:59  错误: cj.studio.ecm.container.factory.SingleonServiceInstanceFactory - 服务:helloWorld构建失败，原因：java.lang.IllegalArgumentException: Can not set your.crop.examples.ecm.IPrinter field your.crop.examples.ecm.HelloWorld.jssPrinter to jdk.nashorn.api.scripting.ScriptObjectMirror
2016年08月17日 14:40:45  错误: cj.studio.ecm.container.factory.SingleonServiceInstanceFactory - 服务:helloWorld构建失败，原因：java.lang.IllegalArgumentException: Can not set your.crop.examples.ecm.IPrinter field your.crop.examples.ecm.HelloWorld.jssPrinter to jdk.nashorn.api.scripting.ScriptObjectMirror
2016年08月17日 15:24:16  错误: cj.studio.ecm.container.factory.SingleonServiceInstanceFactory - 服务:helloWorld构建失败，原因：cj.studio.ecm.EcmException: jss服务对象:$.cj.jss.ecm.JssPrinter 初始化失败，指定了强jss类型，但head.jss.extends实现的接口未指定。
2016年08月17日 15:25:12  错误: cj.studio.ecm.container.factory.SingleonServiceInstanceFactory - 服务:helloWorld构建失败，原因：java.lang.IllegalArgumentException: Can not set your.crop.examples.ecm.IPrinter field your.crop.examples.ecm.HelloWorld.jssPrinter to jdk.nashorn.api.scripting.ScriptObjectMirror
2016年08月17日 15:25:56  错误: cj.studio.ecm.container.factory.SingleonServiceInstanceFactory - 服务:helloWorld构建失败，原因：java.lang.IllegalArgumentException: Can not set your.crop.examples.ecm.IPrinter field your.crop.examples.ecm.HelloWorld.jssPrinter to jdk.nashorn.api.scripting.ScriptObjectMirror
2016年08月17日 15:35:13  错误: cj.studio.ecm.container.factory.SingleonServiceInstanceFactory - 服务:helloWorld构建失败，原因：java.lang.IllegalArgumentException: Can not set your.crop.examples.ecm.IPrinter field your.crop.examples.ecm.HelloWorld.jssPrinter to jdk.nashorn.api.scripting.ScriptObjectMirror
2016年08月22日 00:44:55  错误: cj.studio.ecm.container.factory.SingleonServiceInstanceFactory - 服务:myJsonService构建失败，原因：java.lang.NullPointerException
2016年08月22日 00:48:00  错误: cj.studio.ecm.container.factory.SingleonServiceInstanceFactory - 服务:myXmlService构建失败，原因：java.lang.RuntimeException: 如果属性引用的方法的返回值的类型是属性所在类型自身，则陷入死循环。属性所在类型：class your.crop.examples.chip2.xml.MyXmlService该类型中某属性引用的方法是：myXmlService.newService2(java.lang.String,java.lang.String)
2016年08月22日 00:50:11  错误: cj.studio.ecm.container.factory.SingleonServiceInstanceFactory - 服务:myXmlService构建失败，原因：java.lang.NullPointerException
2016年08月22日 00:51:08  错误: cj.studio.ecm.container.factory.SingleonServiceInstanceFactory - 服务:myXmlService构建失败，原因：java.lang.NullPointerException
2016年08月22日 00:57:37  错误: cj.studio.ecm.container.factory.SingleonServiceInstanceFactory - 服务:myXmlService构建失败，原因：java.lang.RuntimeException: 如果属性引用的方法的返回值的类型是属性所在类型自身，则陷入死循环。属性所在类型：class your.crop.examples.chip2.xml.MyXmlService该类型中某属性引用的方法是：myXmlService.newService2(java.lang.String,java.lang.String)
2016年08月22日 00:59:52  错误: cj.studio.ecm.container.factory.SingleonServiceInstanceFactory - 服务:myXmlService构建失败，原因：java.lang.RuntimeException: 如果属性引用的方法的返回值的类型是属性所在类型自身，则陷入死循环。属性所在类型：class your.crop.examples.chip2.xml.MyXmlService该类型中某属性引用的方法是：myXmlService.newService2(java.lang.String,java.lang.String)
2016年08月22日 01:00:33  错误: cj.studio.ecm.container.factory.SingleonServiceInstanceFactory - 服务:myXmlService构建失败，原因：java.lang.RuntimeException: 如果属性引用的方法的返回值的类型是属性所在类型自身，则陷入死循环。属性所在类型：class your.crop.examples.chip2.xml.MyXmlService该类型中某属性引用的方法是：myXmlService.newService2(java.lang.String,java.lang.String)
2016年08月22日 01:02:40  错误: cj.studio.ecm.container.factory.SingleonServiceInstanceFactory - 服务:myXmlService构建失败，原因：java.lang.NullPointerException
2016年08月22日 01:12:48  错误: cj.studio.ecm.container.factory.SingleonServiceInstanceFactory - 服务:myXmlService构建失败，原因：java.lang.RuntimeException: 如果属性引用的方法的返回值的类型是属性所在类型自身，则陷入死循环。属性所在类型：class your.crop.examples.chip2.xml.MyXmlService该类型中某属性引用的方法是：myXmlService.newService2(java.lang.String,java.lang.String)
2016年08月22日 01:12:57  错误: cj.studio.ecm.container.factory.SingleonServiceInstanceFactory - 服务:myXmlService构建失败，原因：java.lang.RuntimeException: 如果属性引用的方法的返回值的类型是属性所在类型自身，则陷入死循环。属性所在类型：class your.crop.examples.chip2.xml.MyXmlService该类型中某属性引用的方法是：myXmlService.newService2(java.lang.String,java.lang.String)
2016年08月22日 01:15:46  错误: cj.studio.ecm.container.factory.SingleonServiceInstanceFactory - 服务:myXmlService构建失败，原因：java.lang.RuntimeException: 如果属性引用的方法的返回值的类型是属性所在类型自身，则陷入死循环。属性所在类型：class your.crop.examples.chip2.xml.MyXmlService该类型中某属性引用的方法是：myXmlService.newService2(java.lang.String,java.lang.String,your.crop.examples.chip2.json.MyJsonService)
2016年08月22日 01:28:33  错误: cj.studio.ecm.container.factory.SingleonServiceInstanceFactory - 服务:myXmlService构建失败，原因：java.lang.RuntimeException: 缺少属性your.crop.examples.chip2.xml.MyXmlService.service3
2016年08月22日 01:36:45  错误: cj.studio.ecm.container.factory.SingleonServiceInstanceFactory - 服务:myXmlService构建失败，原因：java.lang.RuntimeException: java.lang.RuntimeException: 没有查到引用的方法定义
2016年08月22日 01:37:49  错误: cj.studio.ecm.container.factory.SingleonServiceInstanceFactory - 服务:myXmlService构建失败，原因：java.lang.RuntimeException: java.lang.RuntimeException: 没有查到引用的方法定义
2016年08月22日 01:52:09  错误: cj.studio.ecm.container.factory.SingleonServiceInstanceFactory - 服务:refMethodInXmlService构建失败，原因：cj.studio.ecm.EcmException: java.lang.IllegalArgumentException: argument type mismatch
2016年08月22日 01:56:50  错误: cj.studio.ecm.container.factory.SingleonServiceInstanceFactory - 服务:refMethodInXmlService构建失败，原因：cj.studio.ecm.EcmException: java.lang.IllegalArgumentException: argument type mismatch
2016年08月22日 01:58:58  错误: cj.studio.ecm.container.factory.SingleonServiceInstanceFactory - 服务:refMethodInXmlService构建失败，原因：cj.studio.ecm.EcmException: java.lang.IllegalArgumentException: argument type mismatch
2016年08月22日 02:01:31  错误: cj.studio.ecm.container.factory.SingleonServiceInstanceFactory - 服务:refMethodInXmlService构建失败，原因：cj.studio.ecm.EcmException: java.lang.IllegalArgumentException: argument type mismatch
2016年08月22日 02:01:59  错误: cj.studio.ecm.container.factory.SingleonServiceInstanceFactory - 服务:refMethodInXmlService构建失败，原因：cj.studio.ecm.EcmException: java.lang.IllegalArgumentException: argument type mismatch
2016年08月22日 02:11:31  错误: cj.studio.ecm.container.factory.SingleonServiceInstanceFactory - 服务:refMethodInXmlService构建失败，原因：java.lang.IllegalArgumentException: Can not set your.crop.examples.chip2.json.MyJsonService field your.crop.examples.chip2.anno.RefMethodInXmlService.myjsonService to your.crop.examples.chip2.xml.MyXmlService
2016年08月22日 02:15:26  错误: cj.studio.ecm.container.factory.SingleonServiceInstanceFactory - 服务:refMethodInXmlService构建失败，原因：java.lang.IllegalArgumentException: Can not set your.crop.examples.chip2.xml.MyXmlService field your.crop.examples.chip2.anno.RefMethodInXmlService.myXmlService to your.crop.examples.chip2.json.MyJsonService
2016年08月22日 02:17:40  错误: cj.studio.ecm.container.factory.SingleonServiceInstanceFactory - 服务:refMethodInXmlService构建失败，原因：cj.studio.ecm.EcmException: java.lang.IllegalArgumentException: argument type mismatch
2016年08月22日 03:27:38  错误: cj.studio.ecm.container.factory.SingleonServiceInstanceFactory - 服务:myXmlService构建失败，原因：cj.studio.ecm.EcmException: java.lang.reflect.InvocationTargetException
2016年08月22日 03:47:24  错误: cj.studio.ecm.container.factory.SingleonServiceInstanceFactory - 服务:myXmlService构建失败，原因：cj.ultimate.gson2.com.google.gson.JsonSyntaxException: cj.ultimate.gson2.com.google.gson.stream.MalformedJsonException: Unterminated array at line 1 column 9
2016年08月22日 13:24:41  错误: cj.studio.ecm.container.factory.SingleonServiceInstanceFactory - 服务:myAspect3构建失败，原因：cj.ultimate.gson2.com.google.gson.JsonSyntaxException: java.lang.IllegalStateException: Expected BEGIN_ARRAY but was STRING
2016年08月22日 13:57:51  错误: cj.studio.ecm.container.factory.SingleonServiceInstanceFactory - 服务:refMethodInXmlService构建失败，原因：java.lang.IllegalArgumentException: Can not set java.util.List field your.crop.examples.chip2.anno.RefMethodInXmlService.xmls to your.crop.examples.chip2.xml.MyXmlService$$EnhancerByCGLIB$$a46ac80b
2016年08月22日 13:59:50  错误: cj.studio.ecm.container.factory.SingleonServiceInstanceFactory - 服务:refMethodInXmlService构建失败，原因：java.lang.IllegalArgumentException: Can not set cj.ultimate.collection.ICollection field your.crop.examples.chip2.anno.RefMethodInXmlService.xmls to your.crop.examples.chip2.xml.MyXmlService$$EnhancerByCGLIB$$a46ac80b
2016年08月22日 14:00:34  错误: cj.studio.ecm.container.factory.SingleonServiceInstanceFactory - 服务:refMethodInXmlService构建失败，原因：java.lang.IllegalArgumentException: Can not set cj.studio.ecm.ServiceCollection field your.crop.examples.chip2.anno.RefMethodInXmlService.xmls to your.crop.examples.chip2.xml.MyXmlService$$EnhancerByCGLIB$$a46ac80b
2016年08月22日 23:53:29  错误: cj.studio.ecm.container.factory.SingleonServiceInstanceFactory - 服务:refXmlServiceByGridge构建失败，原因：java.lang.RuntimeException: java.lang.RuntimeException: cj.ultimate.net.sf.cglib.proxy.UndeclaredThrowableException: java.lang.reflect.InvocationTargetException-->null
2016年08月22日 23:55:06  错误: cj.studio.ecm.container.factory.SingleonServiceInstanceFactory - 服务:refXmlServiceByGridge构建失败，原因：java.lang.RuntimeException: java.lang.RuntimeException: cj.ultimate.net.sf.cglib.proxy.UndeclaredThrowableException: java.lang.reflect.InvocationTargetException-->null
2016年08月22日 23:55:41  错误: cj.studio.ecm.container.factory.SingleonServiceInstanceFactory - 服务:refXmlServiceByGridge构建失败，原因：java.lang.RuntimeException: java.lang.RuntimeException: cj.ultimate.net.sf.cglib.proxy.UndeclaredThrowableException: java.lang.reflect.InvocationTargetException-->null
2016年08月23日 00:09:44  错误: cj.studio.ecm.container.factory.SingleonServiceInstanceFactory - 服务:refXmlServiceByGridge构建失败，原因：java.lang.RuntimeException: java.lang.RuntimeException: cj.ultimate.net.sf.cglib.proxy.UndeclaredThrowableException: java.lang.reflect.InvocationTargetException-->null
2016年08月23日 01:34:10  错误: cj.studio.ecm.container.factory.SingleonServiceInstanceFactory - 服务:refXmlServiceByGridge构建失败，原因：java.lang.RuntimeException: java.lang.RuntimeException: java.lang.NullPointerException
2016年08月23日 02:45:02  错误: cj.studio.ecm.container.factory.SingleonServiceInstanceFactory - 服务:refXmlServiceByGridge构建失败，原因：java.lang.RuntimeException: java.lang.RuntimeException: java.lang.IllegalArgumentException: Can not set cj.studio.ecm.ServiceCollection field your.crop.examples.chip2.anno.MyAnnoService.objs to your.crop.examples.chip2.anno.AnnoObject
2016年08月23日 11:00:45  错误: cj.studio.ecm.container.factory.SingleonServiceInstanceFactory - 服务:refXmlServiceByGridge构建失败，原因：java.lang.RuntimeException: cj.studio.ecm.EcmException: java.lang.IllegalArgumentException: Superclass has no null constructors but no arguments were given
2016年08月23日 11:03:31  错误: cj.studio.ecm.container.factory.SingleonServiceInstanceFactory - 服务:refXmlServiceByGridge构建失败，原因：java.lang.RuntimeException: cj.studio.ecm.EcmException: java.lang.IllegalArgumentException: Superclass has no null constructors but no arguments were given
2016年08月23日 11:23:52  错误: cj.studio.ecm.container.factory.SingleonServiceInstanceFactory - 服务:refXmlServiceByGridge构建失败，原因：java.lang.RuntimeException: cj.studio.ecm.EcmException: java.lang.IllegalArgumentException: Superclass has no null constructors but no arguments were given
2016年08月23日 11:24:40  错误: cj.studio.ecm.container.factory.SingleonServiceInstanceFactory - 服务:refXmlServiceByGridge构建失败，原因：java.lang.RuntimeException: cj.studio.ecm.EcmException: java.lang.IllegalArgumentException: Superclass has no null constructors but no arguments were given
2016年08月23日 11:27:43  错误: cj.studio.ecm.container.factory.SingleonServiceInstanceFactory - 服务:refXmlServiceByGridge构建失败，原因：java.lang.RuntimeException: cj.studio.ecm.EcmException: java.lang.IllegalArgumentException: Superclass has no null constructors but no arguments were given
2016年08月23日 11:50:17  错误: cj.studio.ecm.container.factory.SingleonServiceInstanceFactory - 服务:refXmlServiceByGridge构建失败，原因：java.lang.RuntimeException: cj.studio.ecm.EcmException: java.lang.IllegalArgumentException: Superclass has no null constructors but no arguments were given
2016年08月23日 12:09:06  错误: cj.studio.ecm.container.factory.SingleonServiceInstanceFactory - 服务:refXmlServiceByGridge构建失败，原因：java.lang.RuntimeException: cj.studio.ecm.EcmException: java.lang.IllegalArgumentException: Superclass has no null constructors but no arguments were given
2016年08月23日 12:49:14  错误: cj.studio.ecm.container.factory.SingleonServiceInstanceFactory - 服务:refXmlServiceByGridge构建失败，原因：java.lang.RuntimeException: java.lang.IllegalArgumentException: Can not set your.crop.examples.chip2.xml.MyXmlService field your.crop.examples.chip2.xml.MyXmlService.service to your.crop.examples.chip2.json.ITest$$EnhancerByCGLIB$$971dbd7a
2016年08月23日 12:54:15  错误: cj.studio.ecm.container.factory.SingleonServiceInstanceFactory - 服务:refXmlServiceByGridge构建失败，原因：java.lang.RuntimeException: cj.studio.ecm.EcmException: java.lang.IllegalArgumentException: argument type mismatch
2016年08月23日 12:58:40  错误: cj.studio.ecm.container.factory.SingleonServiceInstanceFactory - 服务:refXmlServiceByGridge构建失败，原因：java.lang.RuntimeException: cj.studio.ecm.EcmException: java.lang.IllegalArgumentException: argument type mismatch
2016年08月23日 13:25:47  错误: cj.studio.ecm.container.factory.SingleonServiceInstanceFactory - 服务:refXmlServiceByGridge构建失败，原因：java.lang.RuntimeException: cj.studio.ecm.EcmException: cj.studio.ecm.EcmException: 指定构造创建服务时出错，在：public your.crop.examples.chip2.json.MyJsonService(int,your.crop.examples.chip2.json.MyJsonBridge)，原因：java.lang.IllegalArgumentException: argument type mismatch
2016年08月23日 13:29:58  错误: cj.studio.ecm.container.factory.SingleonServiceInstanceFactory - 服务:refXmlServiceByGridge构建失败，原因：java.lang.RuntimeException: cj.studio.ecm.EcmException: java.lang.NoSuchMethodException: your.crop.examples.chip2.json.MyJsonService.<init>(int, your.crop.examples.chip2.json.MyJsonBridge)
2016年08月23日 13:30:50  错误: cj.studio.ecm.container.factory.SingleonServiceInstanceFactory - 服务:refXmlServiceByGridge构建失败，原因：java.lang.RuntimeException: cj.studio.ecm.EcmException: cj.studio.ecm.EcmException: 指定构造创建服务时出错，在：public your.crop.examples.chip2.json.MyJsonService(int,your.crop.examples.chip2.json.IMyJsonBridge)，原因：java.lang.IllegalArgumentException: argument type mismatch
2016年08月23日 13:31:32  错误: cj.studio.ecm.container.factory.SingleonServiceInstanceFactory - 服务:refXmlServiceByGridge构建失败，原因：java.lang.RuntimeException: cj.studio.ecm.EcmException: cj.studio.ecm.EcmException: 指定构造创建服务时出错，在：public your.crop.examples.chip2.json.MyJsonService(int,your.crop.examples.chip2.json.IMyJsonBridge)，原因：java.lang.IllegalArgumentException: argument type mismatch
2016年08月23日 14:26:59  错误: cj.studio.ecm.container.factory.SingleonServiceInstanceFactory - 服务:refXmlServiceByGridge构建失败，原因：cj.studio.ecm.EcmException: cj.ultimate.net.sf.cglib.core.CodeGenerationException: java.lang.reflect.InvocationTargetException-->null
2016年08月23日 14:27:24  错误: cj.studio.ecm.container.factory.SingleonServiceInstanceFactory - 服务:refXmlServiceByGridge构建失败，原因：cj.studio.ecm.EcmException: cj.ultimate.net.sf.cglib.core.CodeGenerationException: java.lang.reflect.InvocationTargetException-->null
2016年08月23日 14:33:12  错误: cj.studio.ecm.container.factory.SingleonServiceInstanceFactory - 服务:refXmlServiceByGridge构建失败，原因：cj.studio.ecm.EcmException: cj.ultimate.net.sf.cglib.core.CodeGenerationException: java.lang.reflect.InvocationTargetException-->null
2016年08月23日 14:37:28  错误: cj.studio.ecm.container.factory.SingleonServiceInstanceFactory - 服务:refXmlServiceByGridge构建失败，原因：java.lang.RuntimeException: cj.studio.ecm.EcmException: java.lang.IllegalArgumentException: object is not an instance of declaring class
2016年08月23日 14:41:01  错误: cj.studio.ecm.container.factory.SingleonServiceInstanceFactory - 服务:refXmlServiceByGridge构建失败，原因：java.lang.RuntimeException: java.util.MissingFormatArgumentException: Format specifier '%s'
2016年08月23日 14:41:35  错误: cj.studio.ecm.container.factory.SingleonServiceInstanceFactory - 服务:refXmlServiceByGridge构建失败，原因：java.lang.RuntimeException: cj.studio.ecm.EcmException: 方法：public your.crop.examples.chip2.json.MyJsonService your.crop.examples.chip2.xml.MyXmlService.newService(), 原因：java.lang.IllegalArgumentException: object is not an instance of declaring class
2016年08月23日 14:50:20  错误: cj.studio.ecm.container.factory.SingleonServiceInstanceFactory - 服务:refXmlServiceByGridge构建失败，原因：java.lang.RuntimeException: cj.studio.ecm.EcmException: 方法：public your.crop.examples.chip2.json.MyJsonService your.crop.examples.chip2.xml.MyXmlService.newService(), 原因：java.lang.IllegalArgumentException: object is not an instance of declaring class
2016年08月23日 14:50:50  错误: cj.studio.ecm.container.factory.SingleonServiceInstanceFactory - 服务:refXmlServiceByGridge构建失败，原因：java.lang.RuntimeException: cj.studio.ecm.EcmException: 方法：public java.lang.Object your.crop.examples.chip2.xml.MyXmlService.newService(), 原因：java.lang.IllegalArgumentException: object is not an instance of declaring class
2016年08月23日 14:55:25  错误: cj.studio.ecm.container.factory.SingleonServiceInstanceFactory - 服务:refXmlServiceByGridge构建失败，原因：java.lang.RuntimeException: java.lang.IllegalArgumentException: Can not set your.crop.examples.chip2.json.ITest field your.crop.examples.chip2.xml.MyXmlService.service to your.crop.examples.chip2.xml.MyXmlService
2016年08月23日 14:58:15  错误: cj.studio.ecm.container.factory.SingleonServiceInstanceFactory - 服务:chip2main构建失败，原因：java.lang.IllegalArgumentException: Can not set your.crop.examples.chip2.anno.MyAnnoService field your.crop.examples.chip2.Chip2Main.myAnnoService to cj.studio.ecm.IServiceAfter$$EnhancerByCGLIB$$e84f2ff0
2016年08月23日 15:01:27  错误: cj.studio.ecm.container.factory.SingleonServiceInstanceFactory - 服务:refXmlServiceByGridge构建失败，原因：java.lang.RuntimeException: cj.studio.ecm.EcmException: 方法：public your.crop.examples.chip2.json.MyJsonService your.crop.examples.chip2.xml.MyXmlService.newService(), 原因：java.lang.IllegalArgumentException: object is not an instance of declaring class
2016年08月23日 15:03:40  错误: cj.studio.ecm.container.factory.SingleonServiceInstanceFactory - 服务:refXmlServiceByGridge构建失败，原因：java.lang.RuntimeException: java.lang.RuntimeException: cj.studio.ecm.EcmException: 方法：public java.lang.Object your.crop.examples.chip2.json.MyJsonService.newService(java.lang.String), 原因：java.lang.IllegalArgumentException: object is not an instance of declaring class
2016年08月23日 15:05:05  错误: cj.studio.ecm.container.factory.SingleonServiceInstanceFactory - 服务:refXmlServiceByGridge构建失败，原因：java.lang.RuntimeException: cj.studio.ecm.EcmException: 方法：public your.crop.examples.chip2.json.MyJsonService your.crop.examples.chip2.xml.MyXmlService.newService(), 原因：java.lang.IllegalArgumentException: object is not an instance of declaring class
2016年08月23日 15:09:14  错误: cj.studio.ecm.container.factory.SingleonServiceInstanceFactory - 服务:refXmlServiceByGridge构建失败，原因：java.lang.RuntimeException: cj.studio.ecm.EcmException: 方法：public your.crop.examples.chip2.json.MyJsonService your.crop.examples.chip2.xml.MyXmlService.newService() 在类： class your.crop.examples.chip2.xml.MyXmlService, 原因：java.lang.IllegalArgumentException: object is not an instance of declaring class
2016年08月23日 15:11:30  错误: cj.studio.ecm.container.factory.SingleonServiceInstanceFactory - 服务:refXmlServiceByGridge构建失败，原因：java.lang.IllegalArgumentException: Can not set your.crop.examples.chip2.xml.MyXmlService field your.crop.examples.chip2.xml.RefXmlServiceByGridge.byGridge to cj.studio.ecm.IServiceAfter$$EnhancerByCGLIB$$c2ef580e
2016年08月23日 15:12:24  错误: cj.studio.ecm.container.factory.SingleonServiceInstanceFactory - 服务:refXmlServiceByGridge构建失败，原因：java.lang.RuntimeException: cj.studio.ecm.EcmException: 方法：public your.crop.examples.chip2.json.MyJsonService your.crop.examples.chip2.xml.MyXmlService.newService() 在类： class your.crop.examples.chip2.xml.MyXmlService, 原因：java.lang.IllegalArgumentException: object is not an instance of declaring class
2016年08月23日 15:13:06  错误: cj.studio.ecm.container.factory.SingleonServiceInstanceFactory - 服务:refXmlServiceByGridge构建失败，原因：java.lang.RuntimeException: cj.studio.ecm.EcmException: 方法：public your.crop.examples.chip2.json.MyJsonService your.crop.examples.chip2.xml.MyXmlService.newService() 在类： class your.crop.examples.chip2.xml.MyXmlService, 原因：java.lang.IllegalArgumentException: object is not an instance of declaring class
2016年08月23日 15:14:42  错误: cj.studio.ecm.container.factory.SingleonServiceInstanceFactory - 服务:refXmlServiceByGridge构建失败，原因：java.lang.RuntimeException: cj.studio.ecm.EcmException: 方法：public your.crop.examples.chip2.json.MyJsonService your.crop.examples.chip2.xml.MyXmlService.newService() 在类： class your.crop.examples.chip2.xml.MyXmlService, 原因：java.lang.IllegalArgumentException: object is not an instance of declaring class
2016年08月23日 15:17:28  错误: cj.studio.ecm.container.factory.SingleonServiceInstanceFactory - 服务:refXmlServiceByGridge构建失败，原因：java.lang.RuntimeException: java.lang.NullPointerException
2016年08月23日 15:18:55  错误: cj.studio.ecm.container.factory.SingleonServiceInstanceFactory - 服务:refXmlServiceByGridge构建失败，原因：java.lang.RuntimeException: java.lang.NullPointerException
2016年08月23日 15:19:18  错误: cj.studio.ecm.container.factory.SingleonServiceInstanceFactory - 服务:refXmlServiceByGridge构建失败，原因：java.lang.RuntimeException: java.lang.NullPointerException
2016年08月23日 15:20:08  错误: cj.studio.ecm.container.factory.SingleonServiceInstanceFactory - 服务:refXmlServiceByGridge构建失败，原因：java.lang.RuntimeException: java.lang.NullPointerException
2016年08月23日 15:24:34  错误: cj.studio.ecm.container.factory.SingleonServiceInstanceFactory - 服务:refXmlServiceByGridge构建失败，原因：java.lang.RuntimeException: java.lang.NullPointerException
2016年08月23日 15:32:22  错误: cj.studio.ecm.container.factory.SingleonServiceInstanceFactory - 方法:myXmlService.newService2, 原因：java.lang.NullPointerException
2016年08月23日 15:32:22  错误: cj.studio.ecm.container.factory.SingleonServiceInstanceFactory - 服务:refXmlServiceByGridge构建失败，原因：java.lang.RuntimeException: cj.studio.ecm.EcmException: java.lang.NullPointerException
2016年08月23日 15:36:21  错误: cj.studio.ecm.container.factory.SingleonServiceInstanceFactory - 方法:myXmlService.newService2, 原因：java.lang.NullPointerException
2016年08月23日 15:36:21  错误: cj.studio.ecm.container.factory.SingleonServiceInstanceFactory - 服务:refXmlServiceByGridge构建失败，原因：java.lang.RuntimeException: cj.studio.ecm.EcmException: java.lang.NullPointerException
2016年08月23日 15:43:44  错误: cj.studio.ecm.container.factory.SingleonServiceInstanceFactory - 方法:myXmlService.newService2, 原因：java.lang.NullPointerException
2016年08月23日 15:43:44  错误: cj.studio.ecm.container.factory.SingleonServiceInstanceFactory - 服务:refXmlServiceByGridge构建失败，原因：java.lang.RuntimeException: cj.studio.ecm.EcmException: java.lang.NullPointerException
2016年08月23日 15:44:05  错误: cj.studio.ecm.container.factory.SingleonServiceInstanceFactory - 方法:myXmlService.newService2, 原因：java.lang.NullPointerException
2016年08月23日 15:44:05  错误: cj.studio.ecm.container.factory.SingleonServiceInstanceFactory - 服务:refXmlServiceByGridge构建失败，原因：java.lang.RuntimeException: cj.studio.ecm.EcmException: java.lang.NullPointerException
2016年08月23日 15:44:23  错误: cj.studio.ecm.container.factory.SingleonServiceInstanceFactory - 方法:myXmlService.newService2, 原因：java.lang.NullPointerException
2016年08月23日 15:44:23  错误: cj.studio.ecm.container.factory.SingleonServiceInstanceFactory - 服务:refXmlServiceByGridge构建失败，原因：java.lang.RuntimeException: cj.studio.ecm.EcmException: java.lang.NullPointerException
2016年08月23日 15:49:09  错误: cj.studio.ecm.container.factory.SingleonServiceInstanceFactory - 方法:myXmlService.newService3, 原因：cj.studio.ecm.EcmException: 方法：public your.crop.examples.chip2.json.IJsonService your.crop.examples.chip2.xml.MyXmlService.newService() 在类： class your.crop.examples.chip2.xml.MyXmlService, 原因：java.lang.IllegalArgumentException: object is not an instance of declaring class
2016年08月23日 15:49:09  错误: cj.studio.ecm.container.factory.SingleonServiceInstanceFactory - 服务:refXmlServiceByGridge构建失败，原因：java.lang.RuntimeException: cj.studio.ecm.EcmException: cj.studio.ecm.EcmException: 方法：public your.crop.examples.chip2.json.IJsonService your.crop.examples.chip2.xml.MyXmlService.newService() 在类： class your.crop.examples.chip2.xml.MyXmlService, 原因：java.lang.IllegalArgumentException: object is not an instance of declaring class
2016年08月23日 15:50:18  错误: cj.studio.ecm.container.factory.SingleonServiceInstanceFactory - 方法:myXmlService.newService3, 原因：cj.studio.ecm.EcmException: 方法：public your.crop.examples.chip2.json.IJsonService your.crop.examples.chip2.xml.MyXmlService.newService() 在类： class your.crop.examples.chip2.xml.MyXmlService, 原因：java.lang.IllegalArgumentException: object is not an instance of declaring class
2016年08月23日 15:50:18  错误: cj.studio.ecm.container.factory.SingleonServiceInstanceFactory - 服务:refXmlServiceByGridge构建失败，原因：java.lang.RuntimeException: cj.studio.ecm.EcmException: cj.studio.ecm.EcmException: 方法：public your.crop.examples.chip2.json.IJsonService your.crop.examples.chip2.xml.MyXmlService.newService() 在类： class your.crop.examples.chip2.xml.MyXmlService, 原因：java.lang.IllegalArgumentException: object is not an instance of declaring class
2016年08月23日 15:55:26  错误: cj.studio.ecm.container.factory.SingleonServiceInstanceFactory - 方法:myXmlService.newService3, 原因：cj.studio.ecm.EcmException: 方法：public your.crop.examples.chip2.json.IJsonService your.crop.examples.chip2.xml.MyXmlService.newService() 在类： class your.crop.examples.chip2.xml.MyXmlService, 原因：java.lang.IllegalArgumentException: object is not an instance of declaring class
2016年08月23日 15:55:26  错误: cj.studio.ecm.container.factory.SingleonServiceInstanceFactory - 服务:refXmlServiceByGridge构建失败，原因：java.lang.RuntimeException: cj.studio.ecm.EcmException: cj.studio.ecm.EcmException: 方法：public your.crop.examples.chip2.json.IJsonService your.crop.examples.chip2.xml.MyXmlService.newService() 在类： class your.crop.examples.chip2.xml.MyXmlService, 原因：java.lang.IllegalArgumentException: object is not an instance of declaring class
2016年08月23日 15:58:39  错误: cj.studio.ecm.container.factory.SingleonServiceInstanceFactory - 方法:myXmlService.newService3, 原因：cj.studio.ecm.EcmException: 方法：public your.crop.examples.chip2.json.IJsonService your.crop.examples.chip2.xml.MyXmlService.newService() 在类： class your.crop.examples.chip2.xml.MyXmlService, 原因：java.lang.IllegalArgumentException: object is not an instance of declaring class
2016年08月23日 15:58:39  错误: cj.studio.ecm.container.factory.SingleonServiceInstanceFactory - 服务:refXmlServiceByGridge构建失败，原因：java.lang.RuntimeException: cj.studio.ecm.EcmException: cj.studio.ecm.EcmException: 方法：public your.crop.examples.chip2.json.IJsonService your.crop.examples.chip2.xml.MyXmlService.newService() 在类： class your.crop.examples.chip2.xml.MyXmlService, 原因：java.lang.IllegalArgumentException: object is not an instance of declaring class
2016年08月23日 15:59:54  错误: cj.studio.ecm.container.factory.SingleonServiceInstanceFactory - 方法:myXmlService.newService3, 原因：cj.studio.ecm.EcmException: 方法：public your.crop.examples.chip2.json.IJsonService your.crop.examples.chip2.xml.MyXmlService.newService() 在类： class your.crop.examples.chip2.xml.MyXmlService, 原因：java.lang.IllegalArgumentException: object is not an instance of declaring class
2016年08月23日 15:59:54  错误: cj.studio.ecm.container.factory.SingleonServiceInstanceFactory - 服务:refXmlServiceByGridge构建失败，原因：java.lang.RuntimeException: cj.studio.ecm.EcmException: cj.studio.ecm.EcmException: 方法：public your.crop.examples.chip2.json.IJsonService your.crop.examples.chip2.xml.MyXmlService.newService() 在类： class your.crop.examples.chip2.xml.MyXmlService, 原因：java.lang.IllegalArgumentException: object is not an instance of declaring class
2016年08月23日 16:10:04  错误: cj.studio.ecm.container.factory.SingleonServiceInstanceFactory - 方法:myXmlService.newService2, 原因：cj.studio.ecm.EcmException: 方法：public static java.lang.Object your.crop.examples.chip2.xml.MyXmlService.newService(java.lang.String,java.lang.String,your.crop.examples.chip2.json.IJsonService) 在类： class your.crop.examples.chip2.xml.MyXmlService, 原因：cj.studio.ecm.EcmException: no such method in class your.crop.examples.chip2.xml.MyXmlService.newService
2016年08月23日 16:10:04  错误: cj.studio.ecm.container.factory.SingleonServiceInstanceFactory - 服务:refXmlServiceByGridge构建失败，原因：java.lang.RuntimeException: cj.studio.ecm.EcmException: cj.studio.ecm.EcmException: 方法：public static java.lang.Object your.crop.examples.chip2.xml.MyXmlService.newService(java.lang.String,java.lang.String,your.crop.examples.chip2.json.IJsonService) 在类： class your.crop.examples.chip2.xml.MyXmlService, 原因：cj.studio.ecm.EcmException: no such method in class your.crop.examples.chip2.xml.MyXmlService.newService
2016年08月23日 21:24:56  错误: cj.studio.ecm.container.factory.SingleonServiceInstanceFactory - 服务:refXmlServiceByGridge构建失败，原因：java.lang.RuntimeException: cj.studio.ecm.EcmException: java.lang.NoSuchMethodException: your.crop.examples.chip2.anno.MyAnnoService.factory()
2016年08月23日 21:26:02  错误: cj.studio.ecm.container.factory.SingleonServiceInstanceFactory - 服务:refXmlServiceByGridge构建失败，原因：java.lang.RuntimeException: cj.studio.ecm.EcmException: java.lang.NoSuchMethodException: your.crop.examples.chip2.anno.MyAnnoService.factory()
2016年08月23日 21:30:30  错误: cj.studio.ecm.container.factory.SingleonServiceInstanceFactory - 服务:refXmlServiceByGridge构建失败，原因：java.lang.RuntimeException: java.lang.RuntimeException: java.lang.IllegalArgumentException: Can not set static your.crop.examples.chip2.anno.MyAnnoService field your.crop.examples.chip2.anno.MyAnnoService.the to cj.studio.ecm.IServiceAfter$$EnhancerByCGLIB$$65d4225
2016年08月23日 21:55:07  错误: cj.studio.ecm.container.factory.SingleonServiceInstanceFactory - 方法:myAnnoService.createMyService, 原因：cj.studio.ecm.EcmException: 方法：public your.crop.examples.chip2.anno.AnnoObject your.crop.examples.chip2.anno.MyAnnoService.createMyService(java.lang.String,java.lang.Object) 在类： class your.crop.examples.chip2.anno.MyAnnoService, 原因：cj.studio.ecm.EcmException: no such method in class your.crop.examples.chip2.anno.MyAnnoService.createMyService
2016年08月23日 21:55:07  错误: cj.studio.ecm.container.factory.SingleonServiceInstanceFactory - 服务:refXmlServiceByGridge构建失败，原因：java.lang.RuntimeException: java.lang.RuntimeException: cj.studio.ecm.EcmException: cj.studio.ecm.EcmException: 方法：public your.crop.examples.chip2.anno.AnnoObject your.crop.examples.chip2.anno.MyAnnoService.createMyService(java.lang.String,java.lang.Object) 在类： class your.crop.examples.chip2.anno.MyAnnoService, 原因：cj.studio.ecm.EcmException: no such method in class your.crop.examples.chip2.anno.MyAnnoService.createMyService
2016年08月23日 21:56:13  错误: cj.studio.ecm.container.factory.SingleonServiceInstanceFactory - 方法:myAnnoService.createMyService, 原因：cj.studio.ecm.EcmException: 方法：public your.crop.examples.chip2.anno.AnnoObject your.crop.examples.chip2.anno.MyAnnoService.createMyService(java.lang.String,java.lang.Object) 在类： class your.crop.examples.chip2.anno.MyAnnoService, 原因：cj.studio.ecm.EcmException: no such method in class your.crop.examples.chip2.anno.MyAnnoService.createMyService
2016年08月23日 21:56:13  错误: cj.studio.ecm.container.factory.SingleonServiceInstanceFactory - 服务:refXmlServiceByGridge构建失败，原因：java.lang.RuntimeException: java.lang.RuntimeException: cj.studio.ecm.EcmException: cj.studio.ecm.EcmException: 方法：public your.crop.examples.chip2.anno.AnnoObject your.crop.examples.chip2.anno.MyAnnoService.createMyService(java.lang.String,java.lang.Object) 在类： class your.crop.examples.chip2.anno.MyAnnoService, 原因：cj.studio.ecm.EcmException: no such method in class your.crop.examples.chip2.anno.MyAnnoService.createMyService
2016年08月23日 21:59:07  错误: cj.studio.ecm.container.factory.SingleonServiceInstanceFactory - 方法:myAnnoService.createStaticMyService, 原因：java.lang.RuntimeException: 在方法myAnnoService.createStaticMyService中定义的参数与实际参数数目不等，要么一个参数都不定义，要么定义全部
2016年08月23日 21:59:07  错误: cj.studio.ecm.container.factory.SingleonServiceInstanceFactory - 服务:refXmlServiceByGridge构建失败，原因：java.lang.RuntimeException: java.lang.RuntimeException: cj.studio.ecm.EcmException: java.lang.RuntimeException: 在方法myAnnoService.createStaticMyService中定义的参数与实际参数数目不等，要么一个参数都不定义，要么定义全部
2016年08月23日 22:39:53  错误: cj.studio.ecm.container.factory.SingleonServiceInstanceFactory - 服务:chip2main构建失败，原因：java.lang.IllegalArgumentException: Can not set your.crop.examples.chip2.json.MyJsonService field your.crop.examples.chip2.Chip2Main.mixutureServic to your.crop.examples.chip2.mixuture.MixutureService
2016年08月23日 22:42:48  错误: cj.studio.ecm.container.factory.SingleonServiceInstanceFactory - 服务:chip2main构建失败，原因：java.lang.RuntimeException: java.lang.RuntimeException: java.lang.NumberFormatException: For input string: ""888""
2016年08月23日 22:56:33  错误: cj.studio.ecm.container.factory.SingleonServiceInstanceFactory - 服务:chip2main构建失败，原因：java.lang.RuntimeException: java.lang.NullPointerException
2016年08月23日 22:57:49  错误: cj.studio.ecm.container.factory.SingleonServiceInstanceFactory - 服务:chip2main构建失败，原因：java.lang.RuntimeException: java.lang.NullPointerException
2016年08月23日 23:00:27  错误: cj.studio.ecm.container.factory.SingleonServiceInstanceFactory - 服务:chip2main构建失败，原因：java.lang.RuntimeException: cj.studio.ecm.EcmException: jss服务对象:$.cj.jss.test.JssPrinter 初始化失败，head.jss.extends接口类型: your.crop.examples.ecm.IPrinter 不存在。
2016年08月23日 23:45:35  错误: cj.studio.ecm.container.factory.SingleonServiceInstanceFactory - 服务:refXmlServiceByGridge构建失败，原因：java.lang.IllegalArgumentException: No enum constant cj.studio.ecm.Scope.multition
2016年08月23日 23:46:32  错误: cj.studio.ecm.container.factory.SingleonServiceInstanceFactory - 服务:refXmlServiceByGridge构建失败，原因：java.lang.IllegalArgumentException: No enum constant cj.studio.ecm.Scope.multition
2016年08月23日 23:47:26  错误: cj.studio.ecm.container.factory.SingleonServiceInstanceFactory - 服务:refXmlServiceByGridge构建失败，原因：java.lang.IllegalArgumentException: No enum constant cj.studio.ecm.Scope.multition
2016年08月23日 23:59:14  错误: cj.studio.ecm.container.factory.SingleonServiceInstanceFactory - 服务:refXmlServiceByGridge构建失败，原因：java.lang.RuntimeException: java.lang.IllegalStateException: class cj.studio.ecm.IServiceAfter$$EnhancerByCGLIB$$a1f474cb is not an interface
2016年08月23日 23:59:43  错误: cj.studio.ecm.container.factory.SingleonServiceInstanceFactory - 方法:myAnnoService.createMyService, 原因：java.lang.IllegalStateException: class your.crop.examples.chip2.anno.AnnoObject is not an interface
2016年08月23日 23:59:43  错误: cj.studio.ecm.container.factory.SingleonServiceInstanceFactory - 服务:refXmlServiceByGridge构建失败，原因：java.lang.RuntimeException: java.lang.RuntimeException: cj.studio.ecm.EcmException: java.lang.IllegalStateException: class your.crop.examples.chip2.anno.AnnoObject is not an interface
2016年08月24日 00:03:26  错误: cj.studio.ecm.container.factory.SingleonServiceInstanceFactory - 方法:myAnnoService.createMyService, 原因：java.lang.IllegalStateException: class your.crop.examples.chip2.anno.AnnoObject is not an interface
2016年08月24日 00:03:26  错误: cj.studio.ecm.container.factory.SingleonServiceInstanceFactory - 服务:refXmlServiceByGridge构建失败，原因：java.lang.RuntimeException: java.lang.RuntimeException: cj.studio.ecm.EcmException: java.lang.IllegalStateException: class your.crop.examples.chip2.anno.AnnoObject is not an interface
2016年08月24日 00:18:28  错误: cj.studio.ecm.container.factory.SingleonServiceInstanceFactory - 服务:refXmlServiceByGridge构建失败，原因：java.lang.RuntimeException: cj.ultimate.net.sf.cglib.core.CodeGenerationException: java.lang.reflect.InvocationTargetException-->null
2016年08月24日 00:24:36  错误: cj.studio.ecm.container.factory.SingleonServiceInstanceFactory - 服务:refXmlServiceByGridge构建失败，原因：java.lang.RuntimeException: cj.studio.ecm.EcmException: cj.studio.ecm.EcmException: 方面服务不存在：cj
2016年08月24日 00:25:09  错误: cj.studio.ecm.container.factory.SingleonServiceInstanceFactory - 服务:refXmlServiceByGridge构建失败，原因：java.lang.RuntimeException: cj.studio.ecm.EcmException: cj.studio.ecm.EcmException: 方面服务不存在：cj
2016年08月24日 00:40:02  错误: cj.studio.ecm.container.factory.SingleonServiceInstanceFactory - 服务:refXmlServiceByGridge构建失败，原因：java.lang.RuntimeException: cj.studio.ecm.EcmException: cj.studio.ecm.EcmException: 方面服务不存在：$.cj.jss.test.JssAspect
2016年08月24日 00:50:36  错误: cj.studio.ecm.container.factory.SingleonServiceInstanceFactory - 服务:refXmlServiceByGridge构建失败，原因：java.lang.RuntimeException: cj.studio.ecm.EcmException: cj.studio.ecm.EcmException: 方面服务不存在：$.cj.jss.test.JssAspect
2016年08月24日 01:47:53  错误: cj.studio.ecm.container.factory.SingleonServiceInstanceFactory - 服务:refXmlServiceByGridge构建失败，原因：java.lang.RuntimeException: cj.ultimate.net.sf.cglib.core.CodeGenerationException: java.lang.reflect.InvocationTargetException-->null
2016年08月24日 01:52:23  错误: cj.studio.ecm.container.factory.SingleonServiceInstanceFactory - 服务:refXmlServiceByGridge构建失败，原因：java.lang.RuntimeException: cj.ultimate.net.sf.cglib.core.CodeGenerationException: java.lang.reflect.InvocationTargetException-->null
2016年08月24日 01:59:20  错误: cj.studio.ecm.container.factory.SingleonServiceInstanceFactory - 服务:refXmlServiceByGridge构建失败，原因：java.lang.RuntimeException: cj.ultimate.net.sf.cglib.core.CodeGenerationException: java.lang.reflect.InvocationTargetException-->null
2016年08月24日 02:03:02  错误: cj.studio.ecm.container.factory.SingleonServiceInstanceFactory - 服务:chip2main构建失败，原因：java.lang.IllegalArgumentException: Can not set your.crop.examples.chip2.anno.IAnnoService field your.crop.examples.chip2.Chip2Main.myAnnoService to cj.studio.ecm.adapter.IAdaptable$$EnhancerByCGLIB$$91d6806e
2016年08月24日 02:10:45  错误: cj.studio.ecm.container.factory.SingleonServiceInstanceFactory - 服务:chip2main构建失败，原因：java.lang.IllegalArgumentException: Can not set your.crop.examples.chip2.anno.IAnnoService field your.crop.examples.chip2.Chip2Main.myAnnoService to cj.studio.ecm.adapter.IAdaptable$$EnhancerByCGLIB$$3b002bc8
2016年08月24日 02:19:14  错误: cj.studio.ecm.container.factory.SingleonServiceInstanceFactory - 服务:chip2main构建失败，原因：java.lang.IllegalArgumentException: Can not set your.crop.examples.chip2.anno.IAnnoService field your.crop.examples.chip2.Chip2Main.myAnnoService to cj.studio.ecm.adapter.IAdaptable$$EnhancerByCGLIB$$3b002bc8
2016年08月24日 02:25:59  错误: cj.studio.ecm.container.factory.SingleonServiceInstanceFactory - 服务:refXmlServiceByGridge构建失败，原因：java.lang.RuntimeException: cj.ultimate.net.sf.cglib.core.CodeGenerationException: java.lang.reflect.InvocationTargetException-->null
2016年08月28日 22:21:01  错误: cj.studio.ecm.net.nio.netty.http.HttpHandlerBinder - 404 资源文件不存在:/error/error_404.html
2016年08月28日 22:22:18  错误: cj.studio.ecm.net.nio.netty.http.HttpHandlerBinder - 404 资源文件不存在:/error/error_404.html
2016年08月28日 22:31:07  错误: cj.studio.ecm.net.nio.netty.http.HttpHandlerBinder - 404 资源文件不存在:/error/error_404.html
