#
# A fatal error has been detected by the Java Runtime Environment:
#
#  SIGBUS (0xa) at pc=0x0000000101e28fd6, pid=23212, tid=5383
#
# JRE version: Java(TM) SE Runtime Environment (8.0_20-b26) (build 1.8.0_20-b26)
# Java VM: Java HotSpot(TM) 64-Bit Server VM (25.20-b23 mixed mode bsd-amd64 compressed oops)
# Problematic frame:
# C  [libzip.dylib+0x2fd6]  newEntry+0x154
#
# Failed to write core dump. Core dumps have been disabled. To enable core dumping, try "ulimit -c unlimited" before starting Java again
#
# If you would like to submit a bug report, please visit:
#   http://bugreport.sun.com/bugreport/crash.jsp
# The crash happened outside the Java Virtual Machine in native code.
# See problematic frame for where to report the bug.
#

---------------  T H R E A D  ---------------

Current thread (0x00007fa041805000):  JavaThread "main" [_thread_in_native, id=5383, stack(0x0000000101cd8000,0x0000000101dd8000)]

siginfo: si_signo: 10 (SIGBUS), si_code: 2 (BUS_ADRERR), si_addr: 0x00000001898d236f

Registers:
RAX=0x00007fa040f07c50, RBX=0x00000001898d2363, RCX=0x0000000000000001, RDX=0x0000000000000308
RSP=0x0000000101dd6830, RBP=0x0000000101dd6890, RSI=0x00007fa040f00000, RDI=0x0000000100c97e00
R8 =0x0000000000000004, R9 =0x00000000fffffe00, R10=0x00000000699b54bf, R11=0x00007fa040f00000
R12=0x0000000000000000, R13=0x0000000101dd6978, R14=0x00007fa040f07c50, R15=0x00007fa041805000
RIP=0x0000000101e28fd6, EFLAGS=0x0000000000010206, ERR=0x0000000000000004
  TRAPNO=0x000000000000000e

Top of Stack: (sp=0x0000000101dd6830)
0x0000000101dd6830:   0000000101dd6880 0000000100c93000
0x0000000101dd6840:   0000000101dd6890 00000000000007ad
0x0000000101dd6850:   0000000101dd6870 00007fa040f07c50
0x0000000101dd6860:   00007fa040f3f840 00000000000000ad
0x0000000101dd6870:   0000000000000000 0000000101dd6978
0x0000000101dd6880:   00007fa040f07c50 00007fa041805000
0x0000000101dd6890:   0000000101dd68b0 0000000101e2958a
0x0000000101dd68a0:   0000000000000c69 0000000101dd6900
0x0000000101dd68b0:   0000000101dd68c0 0000000101e283a0
0x0000000101dd68c0:   0000000101dd6910 0000000101fab836
0x0000000101dd68d0:   0000000101dd69c0 0000000101fad3e4
0x0000000101dd68e0:   0000001102072140 0000000000000000
0x0000000101dd68f0:   000000013359f918 000000013359fa70
0x0000000101dd6900:   00000001114008a8 0000000000000000
0x0000000101dd6910:   0000000000000007 0000000102072110
0x0000000101dd6920:   000000013357e968 000000013357e980
0x0000000101dd6930:   00000001266afc9c 000000013357e4e0
0x0000000101dd6940:   0000000101dd69c0 0000000101faf1ec
0x0000000101dd6950:   0000000000000001 0000000101e363d0
0x0000000101dd6960:   0000000101dd69c0 0000000101e367e4
0x0000000101dd6970:   0000000101e367e4 000000013357e968
0x0000000101dd6980:   0000000101dd6980 00000001861a6475
0x0000000101dd6990:   0000000101dd6a18 00000001861ab5c0
0x0000000101dd69a0:   0000000000000000 00000001861a6660
0x0000000101dd69b0:   0000000101dd6978 0000000101dd6a10
0x0000000101dd69c0:   0000000101dd6a60 0000000101e3698d
0x0000000101dd69d0:   0000000000000000 0000000000000000
0x0000000101dd69e0:   0000000000000000 0000000000000000
0x0000000101dd69f0:   000000013359fac0 000000013359fa10
0x0000000101dd6a00:   00000001337084e0 000000013357e968
0x0000000101dd6a10:   000000013357e4e0 000000013357dea8
0x0000000101dd6a20:   0000000101dd6a20 00000001861a5d82 

Instructions: (pc=0x0000000101e28fd6)
0x0000000101e28fb6:   49 8b 7f 38 e8 a5 1a 00 00 4d 89 77 38 49 89 5f
0x0000000101e28fc6:   40 4c 89 f0 48 85 c0 0f 84 16 05 00 00 48 89 c3
0x0000000101e28fd6:   0f b6 43 0c 0f b6 4b 0d 48 c1 e1 08 48 01 c1 0f
0x0000000101e28fe6:   b6 43 0e 0f b6 53 0f 48 c1 e2 08 48 01 c2 48 c1 

Register to memory mapping:

RAX=0x00007fa040f07c50 is an unknown value
RBX=0x00000001898d2363 is an unknown value
RCX=0x0000000000000001 is an unknown value
RDX=0x0000000000000308 is an unknown value
RSP=0x0000000101dd6830 is pointing into the stack for thread: 0x00007fa041805000
RBP=0x0000000101dd6890 is pointing into the stack for thread: 0x00007fa041805000
RSI=0x00007fa040f00000 is an unknown value
RDI=0x0000000100c97e00 is an unknown value
R8 =0x0000000000000004 is an unknown value
R9 =0x00000000fffffe00 is an unknown value
R10=0x00000000699b54bf is an unknown value
R11=0x00007fa040f00000 is an unknown value
R12=0x0000000000000000 is an unknown value
R13=0x0000000101dd6978 is pointing into the stack for thread: 0x00007fa041805000
R14=0x00007fa040f07c50 is an unknown value
R15=0x00007fa041805000 is a thread


Stack: [0x0000000101cd8000,0x0000000101dd8000],  sp=0x0000000101dd6830,  free space=1018k
Native frames: (J=compiled Java code, j=interpreted, Vv=VM code, C=native code)
C  [libzip.dylib+0x2fd6]  newEntry+0x154
C  [libzip.dylib+0x358a]  ZIP_GetNextEntry+0x37
C  [libzip.dylib+0x23a0]  Java_java_util_zip_ZipFile_getNextEntry+0xe
J 193  java.util.zip.ZipFile.getNextEntry(JI)J (0 bytes) @ 0x0000000101fab836 [0x0000000101fab780+0xb6]
J 488 C2 java.util.jar.JarFile$JarEntryIterator.nextElement()Ljava/lang/Object; (5 bytes) @ 0x0000000102072110 [0x0000000102072020+0xf0]

Java frames: (J=compiled Java code, j=interpreted, Vv=VM code)
J 193  java.util.zip.ZipFile.getNextEntry(JI)J (0 bytes) @ 0x0000000101fab7c4 [0x0000000101fab780+0x44]
J 488 C2 java.util.jar.JarFile$JarEntryIterator.nextElement()Ljava/lang/Object; (5 bytes) @ 0x0000000102072110 [0x0000000102072020+0xf0]
j  cj.studio.ecm.resource.JarClassLoader.loadJar(Ljava/util/jar/JarFile;)V+61
j  cj.studio.ecm.resource.JarClassLoader.<init>(Ljava/lang/ClassLoader;)V+186
j  cj.studio.ecm.resource.SystemResource.<init>(Ljava/lang/ClassLoader;)V+2
j  cj.studio.ecm.Assembly.createResource()Lcj/studio/ecm/resource/IResource;+19
j  cj.studio.ecm.Assembly.load()V+19
j  cj.studio.ecm.Assembly.loadAssembly(Ljava/lang/String;)Lcj/studio/ecm/Assembly;+10
j  cj.studio.ecm.chip.netsite.ChipManager$Registry.loadAssembly(Ljava/lang/String;)Lcj/studio/ecm/IAssembly;+24
j  cj.studio.ecm.chip.netsite.ChipManager$ProcessManager.startAssembly(Ljava/lang/String;Ljava/lang/String;)Ljava/lang/String;+145
j  cj.studio.ecm.chip.netsite.ChipManager$ProcessManager.loadAssembliesByReg()V+67
j  cj.studio.ecm.chip.netsite.ChipManager.init(Ljava/lang/String;)V+18
j  cj.studio.ecm.chip.netsite.ChipsCommand.init(Ljava/lang/String;)V+5
j  cj.studio.ecm.chip.netsite.Main.init(Ljava/lang/String;)V+25
v  ~StubRoutines::call_stub
j  sun.reflect.NativeMethodAccessorImpl.invoke0(Ljava/lang/reflect/Method;Ljava/lang/Object;[Ljava/lang/Object;)Ljava/lang/Object;+0
j  sun.reflect.NativeMethodAccessorImpl.invoke(Ljava/lang/Object;[Ljava/lang/Object;)Ljava/lang/Object;+100
j  sun.reflect.DelegatingMethodAccessorImpl.invoke(Ljava/lang/Object;[Ljava/lang/Object;)Ljava/lang/Object;+6
j  java.lang.reflect.Method.invoke(Ljava/lang/Object;[Ljava/lang/Object;)Ljava/lang/Object;+56
j  cj.studio.ecm.adapter.AdapterInterrupter.invoke(Ljava/lang/Object;Ljava/lang/reflect/Method;[Ljava/lang/Object;)Ljava/lang/Object;+407
j  cj.studio.ecm.adapter.IAdaptable$$EnhancerByCGLIB$$4d016ff9.exeCommand(Ljava/lang/String;[Ljava/lang/Object;)Ljava/lang/Object;+33
j  cj.studio.ecm.netsite.start.Main.main([Ljava/lang/String;)V+115
v  ~StubRoutines::call_stub

---------------  P R O C E S S  ---------------

Java Threads: ( => current thread )
  0x00007fa042200000 JavaThread "connect-3" [_thread_in_native, id=23811, stack(0x000000018a945000,0x000000018aa45000)]
  0x00007fa04222d800 JavaThread "connect-2" [_thread_in_native, id=23047, stack(0x000000018a73c000,0x000000018a83c000)]
  0x00007fa0429d4800 JavaThread "connect-1" [_thread_in_native, id=21251, stack(0x000000018a639000,0x000000018a739000)]
  0x00007fa0419f8000 JavaThread "globalEventExecutor-1-1" [_thread_blocked, id=20739, stack(0x000000018a536000,0x000000018a636000)]
  0x00007fa04218b800 JavaThread "accept-0" [_thread_in_native, id=19715, stack(0x000000018a32d000,0x000000018a42d000)]
  0x00007fa041a41000 JavaThread "process reaper" daemon [_thread_blocked, id=19207, stack(0x000000018a302000,0x000000018a32a000)]
  0x00007fa041039800 JavaThread "Service Thread" daemon [_thread_blocked, id=17923, stack(0x00000001896c7000,0x00000001897c7000)]
  0x00007fa04201d000 JavaThread "C1 CompilerThread2" daemon [_thread_blocked, id=17411, stack(0x00000001895c4000,0x00000001896c4000)]
  0x00007fa04186b000 JavaThread "C2 CompilerThread1" daemon [_thread_in_native, id=16899, stack(0x00000001894c1000,0x00000001895c1000)]
  0x00007fa04186c800 JavaThread "C2 CompilerThread0" daemon [_thread_blocked, id=16387, stack(0x00000001893be000,0x00000001894be000)]
  0x00007fa042017000 JavaThread "Signal Dispatcher" daemon [_thread_blocked, id=13327, stack(0x00000001892bb000,0x00000001893bb000)]
  0x00007fa042014800 JavaThread "Finalizer" daemon [_thread_blocked, id=11011, stack(0x0000000187a1d000,0x0000000187b1d000)]
  0x00007fa04100d800 JavaThread "Reference Handler" daemon [_thread_blocked, id=10499, stack(0x000000018791a000,0x0000000187a1a000)]
=>0x00007fa041805000 JavaThread "main" [_thread_in_native, id=5383, stack(0x0000000101cd8000,0x0000000101dd8000)]

Other Threads:
  0x00007fa04200e000 VMThread [stack: 0x0000000187817000,0x0000000187917000] [id=9987]
  0x00007fa041014000 WatcherThread [stack: 0x00000001897ca000,0x00000001898ca000] [id=18435]

VM state:not at safepoint (normal execution)

VM Mutex/Monitor currently owned by a thread: None

Heap:
 PSYoungGen      total 14848K, used 14606K [0x0000000132980000, 0x0000000134680000, 0x0000000143400000)
  eden space 12800K, 98% used [0x0000000132980000,0x00000001335c7860,0x0000000133600000)
  from space 2048K, 99% used [0x0000000133600000,0x00000001337fc010,0x0000000133800000)
  to   space 2048K, 0% used [0x0000000134480000,0x0000000134480000,0x0000000134680000)
 ParOldGen       total 34304K, used 1040K [0x0000000111400000, 0x0000000113580000, 0x0000000132980000)
  object space 34304K, 3% used [0x0000000111400000,0x0000000111504170,0x0000000113580000)
 Metaspace       used 13490K, capacity 13686K, committed 13824K, reserved 1060864K
  class space    used 1651K, capacity 1700K, committed 1792K, reserved 1048576K

Card table byte_map: [0x0000000143400000,0x0000000143591000] byte_map_base: 0x0000000142b76000

Marking Bits: (ParMarkBitMap*) 0x0000000101658330
 Begin Bits: [0x0000000144303000, 0x0000000144f83000)
 End Bits:   [0x0000000144f83000, 0x0000000145c03000)

Polling page: 0x0000000101e1c000

CodeCache: size=245760Kb used=3650Kb max_used=3663Kb free=242109Kb
 bounds [0x0000000101e2f000, 0x00000001021cf000, 0x0000000110e2f000]
 total_blobs=1254 nmethods=912 adapters=256
 compilation: enabled

Compilation events (10 events):
Event: 1.514 Thread 0x00007fa04201d000  911       2       java.util.zip.ZipCoder::toString (190 bytes)
Event: 1.516 Thread 0x00007fa04201d000 nmethod 911 0x00000001021bcd50 code [0x00000001021bcfc0, 0x00000001021bdbd8]
Event: 1.516 Thread 0x00007fa04201d000  910       2       java.nio.charset.CharsetDecoder::implReset (1 bytes)
Event: 1.516 Thread 0x00007fa04201d000 nmethod 910 0x00000001021b9f50 code [0x00000001021ba0a0, 0x00000001021ba1f0]
Event: 1.516 Thread 0x00007fa04201d000  912       2       java.util.zip.ZipCoder::decoder (35 bytes)
Event: 1.516 Thread 0x00007fa04201d000 nmethod 912 0x00000001021b9b10 code [0x00000001021b9c80, 0x00000001021b9e88]
Event: 1.517 Thread 0x00007fa04186b000 nmethod 906 0x00000001021b9690 code [0x00000001021b97e0, 0x00000001021b9998]
Event: 1.517 Thread 0x00007fa04186b000  908 %     4       sun.nio.cs.UTF_8$Decoder::decode @ 20 (779 bytes)
Event: 1.534 Thread 0x00007fa04186c800 nmethod 905 0x00000001021c3810 code [0x00000001021c3b20, 0x00000001021c4950]
Event: 1.534 Thread 0x00007fa04186c800  913       4       java.util.zip.ZipCoder::toString (190 bytes)

GC Heap History (6 events):
Event: 0.567 GC heap before
{Heap before GC invocations=1 (full 0):
 PSYoungGen      total 14848K, used 12800K [0x0000000132980000, 0x0000000133a00000, 0x0000000143400000)
  eden space 12800K, 100% used [0x0000000132980000,0x0000000133600000,0x0000000133600000)
  from space 2048K, 0% used [0x0000000133800000,0x0000000133800000,0x0000000133a00000)
  to   space 2048K, 0% used [0x0000000133600000,0x0000000133600000,0x0000000133800000)
 ParOldGen       total 34304K, used 0K [0x0000000111400000, 0x0000000113580000, 0x0000000132980000)
  object space 34304K, 0% used [0x0000000111400000,0x0000000111400000,0x0000000113580000)
 Metaspace       used 6973K, capacity 7094K, committed 7296K, reserved 1056768K
  class space    used 806K, capacity 850K, committed 896K, reserved 1048576K
Event: 0.571 GC heap after
Heap after GC invocations=1 (full 0):
 PSYoungGen      total 14848K, used 1758K [0x0000000132980000, 0x0000000133a00000, 0x0000000143400000)
  eden space 12800K, 0% used [0x0000000132980000,0x0000000132980000,0x0000000133600000)
  from space 2048K, 85% used [0x0000000133600000,0x00000001337b7968,0x0000000133800000)
  to   space 2048K, 0% used [0x0000000133800000,0x0000000133800000,0x0000000133a00000)
 ParOldGen       total 34304K, used 8K [0x0000000111400000, 0x0000000113580000, 0x0000000132980000)
  object space 34304K, 0% used [0x0000000111400000,0x0000000111402000,0x0000000113580000)
 Metaspace       used 6973K, capacity 7094K, committed 7296K, reserved 1056768K
  class space    used 806K, capacity 850K, committed 896K, reserved 1048576K
}
Event: 0.680 GC heap before
{Heap before GC invocations=2 (full 0):
 PSYoungGen      total 14848K, used 14558K [0x0000000132980000, 0x0000000133a00000, 0x0000000143400000)
  eden space 12800K, 100% used [0x0000000132980000,0x0000000133600000,0x0000000133600000)
  from space 2048K, 85% used [0x0000000133600000,0x00000001337b7968,0x0000000133800000)
  to   space 2048K, 0% used [0x0000000133800000,0x0000000133800000,0x0000000133a00000)
 ParOldGen       total 34304K, used 8K [0x0000000111400000, 0x0000000113580000, 0x0000000132980000)
  object space 34304K, 0% used [0x0000000111400000,0x0000000111402000,0x0000000113580000)
 Metaspace       used 7937K, capacity 8054K, committed 8192K, reserved 1056768K
  class space    used 943K, capacity 978K, committed 1024K, reserved 1048576K
Event: 0.683 GC heap after
Heap after GC invocations=2 (full 0):
 PSYoungGen      total 14848K, used 1712K [0x0000000132980000, 0x0000000134680000, 0x0000000143400000)
  eden space 12800K, 0% used [0x0000000132980000,0x0000000132980000,0x0000000133600000)
  from space 2048K, 83% used [0x0000000133800000,0x00000001339ac030,0x0000000133a00000)
  to   space 2048K, 0% used [0x0000000133600000,0x0000000133600000,0x0000000133800000)
 ParOldGen       total 34304K, used 80K [0x0000000111400000, 0x0000000113580000, 0x0000000132980000)
  object space 34304K, 0% used [0x0000000111400000,0x0000000111414010,0x0000000113580000)
 Metaspace       used 7937K, capacity 8054K, committed 8192K, reserved 1056768K
  class space    used 943K, capacity 978K, committed 1024K, reserved 1048576K
}
Event: 1.153 GC heap before
{Heap before GC invocations=3 (full 0):
 PSYoungGen      total 14848K, used 14512K [0x0000000132980000, 0x0000000134680000, 0x0000000143400000)
  eden space 12800K, 100% used [0x0000000132980000,0x0000000133600000,0x0000000133600000)
  from space 2048K, 83% used [0x0000000133800000,0x00000001339ac030,0x0000000133a00000)
  to   space 2048K, 0% used [0x0000000133600000,0x0000000133600000,0x0000000133800000)
 ParOldGen       total 34304K, used 80K [0x0000000111400000, 0x0000000113580000, 0x0000000132980000)
  object space 34304K, 0% used [0x0000000111400000,0x0000000111414010,0x0000000113580000)
 Metaspace       used 10332K, capacity 10502K, committed 10624K, reserved 1058816K
  class space    used 1261K, capacity 1345K, committed 1408K, reserved 1048576K
Event: 1.157 GC heap after
Heap after GC invocations=3 (full 0):
 PSYoungGen      total 14848K, used 2032K [0x0000000132980000, 0x0000000134680000, 0x0000000143400000)
  eden space 12800K, 0% used [0x0000000132980000,0x0000000132980000,0x0000000133600000)
  from space 2048K, 99% used [0x0000000133600000,0x00000001337fc010,0x0000000133800000)
  to   space 2048K, 0% used [0x0000000134480000,0x0000000134480000,0x0000000134680000)
 ParOldGen       total 34304K, used 1040K [0x0000000111400000, 0x0000000113580000, 0x0000000132980000)
  object space 34304K, 3% used [0x0000000111400000,0x0000000111504170,0x0000000113580000)
 Metaspace       used 10332K, capacity 10502K, committed 10624K, reserved 1058816K
  class space    used 1261K, capacity 1345K, committed 1408K, reserved 1048576K
}

Deoptimization events (1 events):
Event: 1.251 Thread 0x00007fa041805000 Uncommon trap: reason=unreached action=reinterpret pc=0x0000000101fb827c method=sun.util.calendar.ZoneInfo.getOffsets(J[II)I @ 4

Internal exceptions (10 events):
Event: 1.509 Thread 0x00007fa041805000 Exception <a 'java/security/PrivilegedActionException'> (0x000000013328d4d0) thrown at [/HUDSON3/workspace/8-2-build-macosx-x86_64/jdk8u20/1074/hotspot/src/share/vm/prims/jvm.cpp, line 1275]
Event: 1.509 Thread 0x00007fa041805000 Exception <a 'java/security/PrivilegedActionException'> (0x00000001332911f0) thrown at [/HUDSON3/workspace/8-2-build-macosx-x86_64/jdk8u20/1074/hotspot/src/share/vm/prims/jvm.cpp, line 1275]
Event: 1.509 Thread 0x00007fa042200000 Exception <a 'java/security/PrivilegedActionException'> (0x0000000133280130) thrown at [/HUDSON3/workspace/8-2-build-macosx-x86_64/jdk8u20/1074/hotspot/src/share/vm/prims/jvm.cpp, line 1275]
Event: 1.510 Thread 0x00007fa041805000 Exception <a 'java/security/PrivilegedActionException'> (0x0000000133297e00) thrown at [/HUDSON3/workspace/8-2-build-macosx-x86_64/jdk8u20/1074/hotspot/src/share/vm/prims/jvm.cpp, line 1275]
Event: 1.510 Thread 0x00007fa042200000 Exception <a 'java/security/PrivilegedActionException'> (0x00000001332cd4a0) thrown at [/HUDSON3/workspace/8-2-build-macosx-x86_64/jdk8u20/1074/hotspot/src/share/vm/prims/jvm.cpp, line 1275]
Event: 1.511 Thread 0x00007fa041805000 Exception <a 'java/security/PrivilegedActionException'> (0x000000013329e3a0) thrown at [/HUDSON3/workspace/8-2-build-macosx-x86_64/jdk8u20/1074/hotspot/src/share/vm/prims/jvm.cpp, line 1275]
Event: 1.511 Thread 0x00007fa041805000 Exception <a 'java/security/PrivilegedActionException'> (0x00000001332a1228) thrown at [/HUDSON3/workspace/8-2-build-macosx-x86_64/jdk8u20/1074/hotspot/src/share/vm/prims/jvm.cpp, line 1275]
Event: 1.511 Thread 0x00007fa042200000 Exception <a 'java/security/PrivilegedActionException'> (0x00000001332d3260) thrown at [/HUDSON3/workspace/8-2-build-macosx-x86_64/jdk8u20/1074/hotspot/src/share/vm/prims/jvm.cpp, line 1275]
Event: 1.511 Thread 0x00007fa041805000 Exception <a 'java/security/PrivilegedActionException'> (0x00000001332a5410) thrown at [/HUDSON3/workspace/8-2-build-macosx-x86_64/jdk8u20/1074/hotspot/src/share/vm/prims/jvm.cpp, line 1275]
Event: 1.512 Thread 0x00007fa041805000 Exception <a 'java/security/PrivilegedActionException'> (0x00000001332a8980) thrown at [/HUDSON3/workspace/8-2-build-macosx-x86_64/jdk8u20/1074/hotspot/src/share/vm/prims/jvm.cpp, line 1275]

Events (10 events):
Event: 1.511 loading class cj/ultimate/gson2/com/google/gson/LruCache
Event: 1.511 loading class cj/ultimate/gson2/com/google/gson/LruCache done
Event: 1.511 loading class io/netty/util/internal/logging/AbstractInternalLogger$1
Event: 1.511 loading class io/netty/util/internal/logging/AbstractInternalLogger$1 done
Event: 1.511 loading class cj/ultimate/gson2/com/google/gson/annotations/SerializedName
Event: 1.511 loading class cj/ultimate/gson2/com/google/gson/annotations/SerializedName done
Event: 1.511 loading class cj/ultimate/gson2/com/google/gson/internal/Pair
Event: 1.511 loading class cj/ultimate/gson2/com/google/gson/internal/Pair done
Event: 1.513 loading class java/util/Hashtable$KeySet
Event: 1.513 loading class java/util/Hashtable$KeySet done


Dynamic libraries:
0x0000000008788000 	/System/Library/Frameworks/Cocoa.framework/Versions/A/Cocoa
0x0000000008788000 	/System/Library/Frameworks/Security.framework/Versions/A/Security
0x0000000008788000 	/System/Library/Frameworks/ApplicationServices.framework/Versions/A/ApplicationServices
0x0000000008788000 	/usr/lib/libz.1.dylib
0x0000000008788000 	/usr/lib/libSystem.B.dylib
0x0000000008788000 	/usr/lib/libobjc.A.dylib
0x0000000008788000 	/System/Library/Frameworks/CoreFoundation.framework/Versions/A/CoreFoundation
0x0000000008788000 	/System/Library/Frameworks/Foundation.framework/Versions/C/Foundation
0x0000000008788000 	/System/Library/Frameworks/AppKit.framework/Versions/C/AppKit
0x0000000008788000 	/System/Library/Frameworks/CoreData.framework/Versions/A/CoreData
0x0000000008788000 	/System/Library/PrivateFrameworks/RemoteViewServices.framework/Versions/A/RemoteViewServices
0x0000000008788000 	/System/Library/PrivateFrameworks/UIFoundation.framework/Versions/A/UIFoundation
0x0000000008788000 	/System/Library/Frameworks/IOSurface.framework/Versions/A/IOSurface
0x0000000008788000 	/System/Library/Frameworks/AudioToolbox.framework/Versions/A/AudioToolbox
0x0000000008788000 	/System/Library/Frameworks/AudioUnit.framework/Versions/A/AudioUnit
0x0000000008788000 	/System/Library/PrivateFrameworks/DataDetectorsCore.framework/Versions/A/DataDetectorsCore
0x0000000008788000 	/System/Library/PrivateFrameworks/DesktopServicesPriv.framework/Versions/A/DesktopServicesPriv
0x0000000008788000 	/System/Library/Frameworks/Carbon.framework/Versions/A/Frameworks/HIToolbox.framework/Versions/A/HIToolbox
0x0000000008788000 	/System/Library/Frameworks/QuartzCore.framework/Versions/A/QuartzCore
0x0000000008788000 	/System/Library/Frameworks/Carbon.framework/Versions/A/Frameworks/SpeechRecognition.framework/Versions/A/SpeechRecognition
0x0000000008788000 	/usr/lib/libauto.dylib
0x0000000008788000 	/usr/lib/libicucore.A.dylib
0x0000000008788000 	/usr/lib/libxml2.2.dylib
0x0000000008788000 	/System/Library/PrivateFrameworks/CoreUI.framework/Versions/A/CoreUI
0x0000000008788000 	/System/Library/Frameworks/CoreAudio.framework/Versions/A/CoreAudio
0x0000000008788000 	/System/Library/Frameworks/DiskArbitration.framework/Versions/A/DiskArbitration
0x0000000008788000 	/usr/lib/liblangid.dylib
0x0000000008788000 	/System/Library/PrivateFrameworks/MultitouchSupport.framework/Versions/A/MultitouchSupport
0x0000000008788000 	/System/Library/Frameworks/IOKit.framework/Versions/A/IOKit
0x0000000008788000 	/usr/lib/libDiagnosticMessagesClient.dylib
0x0000000008788000 	/System/Library/Frameworks/CoreServices.framework/Versions/A/CoreServices
0x0000000008788000 	/System/Library/PrivateFrameworks/PerformanceAnalysis.framework/Versions/A/PerformanceAnalysis
0x0000000008788000 	/System/Library/PrivateFrameworks/GenerationalStorage.framework/Versions/A/GenerationalStorage
0x0000000008788000 	/System/Library/Frameworks/OpenGL.framework/Versions/A/OpenGL
0x0000000008788000 	/System/Library/PrivateFrameworks/Sharing.framework/Versions/A/Sharing
0x0000000008788000 	/System/Library/Frameworks/CoreGraphics.framework/Versions/A/CoreGraphics
0x0000000008788000 	/System/Library/Frameworks/CoreText.framework/Versions/A/CoreText
0x0000000008788000 	/System/Library/Frameworks/ImageIO.framework/Versions/A/ImageIO
0x0000000008788000 	/usr/lib/libextension.dylib
0x0000000008788000 	/System/Library/PrivateFrameworks/Backup.framework/Versions/A/Backup
0x0000000008788000 	/usr/lib/libarchive.2.dylib
0x0000000008788000 	/System/Library/Frameworks/CFNetwork.framework/Versions/A/CFNetwork
0x0000000008788000 	/System/Library/Frameworks/SystemConfiguration.framework/Versions/A/SystemConfiguration
0x0000000008788000 	/usr/lib/libCRFSuite.dylib
0x0000000008788000 	/usr/lib/libc++.1.dylib
0x0000000008788000 	/usr/lib/libc++abi.dylib
0x0000000008788000 	/usr/lib/system/libcache.dylib
0x0000000008788000 	/usr/lib/system/libcommonCrypto.dylib
0x0000000008788000 	/usr/lib/system/libcompiler_rt.dylib
0x0000000008788000 	/usr/lib/system/libcopyfile.dylib
0x0000000008788000 	/usr/lib/system/libcorecrypto.dylib
0x0000000008788000 	/usr/lib/system/libdispatch.dylib
0x0000000008788000 	/usr/lib/system/libdyld.dylib
0x0000000008788000 	/usr/lib/system/libkeymgr.dylib
0x0000000008788000 	/usr/lib/system/liblaunch.dylib
0x0000000008788000 	/usr/lib/system/libmacho.dylib
0x0000000008788000 	/usr/lib/system/libquarantine.dylib
0x0000000008788000 	/usr/lib/system/libremovefile.dylib
0x0000000008788000 	/usr/lib/system/libsystem_asl.dylib
0x0000000008788000 	/usr/lib/system/libsystem_blocks.dylib
0x0000000008788000 	/usr/lib/system/libsystem_c.dylib
0x0000000008788000 	/usr/lib/system/libsystem_configuration.dylib
0x0000000008788000 	/usr/lib/system/libsystem_coreservices.dylib
0x0000000008788000 	/usr/lib/system/libsystem_coretls.dylib
0x0000000008788000 	/usr/lib/system/libsystem_dnssd.dylib
0x0000000008788000 	/usr/lib/system/libsystem_info.dylib
0x0000000008788000 	/usr/lib/system/libsystem_kernel.dylib
0x0000000008788000 	/usr/lib/system/libsystem_m.dylib
0x0000000008788000 	/usr/lib/system/libsystem_malloc.dylib
0x0000000008788000 	/usr/lib/system/libsystem_network.dylib
0x0000000008788000 	/usr/lib/system/libsystem_networkextension.dylib
0x0000000008788000 	/usr/lib/system/libsystem_notify.dylib
0x0000000008788000 	/usr/lib/system/libsystem_platform.dylib
0x0000000008788000 	/usr/lib/system/libsystem_pthread.dylib
0x0000000008788000 	/usr/lib/system/libsystem_sandbox.dylib
0x0000000008788000 	/usr/lib/system/libsystem_secinit.dylib
0x0000000008788000 	/usr/lib/system/libsystem_stats.dylib
0x0000000008788000 	/usr/lib/system/libsystem_trace.dylib
0x0000000008788000 	/usr/lib/system/libunc.dylib
0x0000000008788000 	/usr/lib/system/libunwind.dylib
0x0000000008788000 	/usr/lib/system/libxpc.dylib
0x0000000008788000 	/usr/lib/libbz2.1.0.dylib
0x0000000008788000 	/usr/lib/liblzma.5.dylib
0x0000000008788000 	/usr/lib/libbsm.0.dylib
0x0000000008788000 	/usr/lib/libsqlite3.dylib
0x0000000008788000 	/usr/lib/system/libkxld.dylib
0x0000000008788000 	/usr/lib/libxar.1.dylib
0x0000000008788000 	/usr/lib/libpam.2.dylib
0x0000000008788000 	/usr/lib/libOpenScriptingUtil.dylib
0x0000000008788000 	/System/Library/Frameworks/CoreServices.framework/Versions/A/Frameworks/FSEvents.framework/Versions/A/FSEvents
0x0000000008788000 	/System/Library/Frameworks/CoreServices.framework/Versions/A/Frameworks/CarbonCore.framework/Versions/A/CarbonCore
0x0000000008788000 	/System/Library/Frameworks/CoreServices.framework/Versions/A/Frameworks/Metadata.framework/Versions/A/Metadata
0x0000000008788000 	/System/Library/Frameworks/CoreServices.framework/Versions/A/Frameworks/OSServices.framework/Versions/A/OSServices
0x0000000008788000 	/System/Library/Frameworks/CoreServices.framework/Versions/A/Frameworks/SearchKit.framework/Versions/A/SearchKit
0x0000000008788000 	/System/Library/Frameworks/CoreServices.framework/Versions/A/Frameworks/AE.framework/Versions/A/AE
0x0000000008788000 	/System/Library/Frameworks/CoreServices.framework/Versions/A/Frameworks/LaunchServices.framework/Versions/A/LaunchServices
0x0000000008788000 	/System/Library/Frameworks/CoreServices.framework/Versions/A/Frameworks/DictionaryServices.framework/Versions/A/DictionaryServices
0x0000000008788000 	/System/Library/Frameworks/NetFS.framework/Versions/A/NetFS
0x0000000008788000 	/System/Library/PrivateFrameworks/NetAuth.framework/Versions/A/NetAuth
0x0000000008788000 	/System/Library/PrivateFrameworks/login.framework/Versions/A/Frameworks/loginsupport.framework/Versions/A/loginsupport
0x0000000008788000 	/System/Library/PrivateFrameworks/TCC.framework/Versions/A/TCC
0x0000000008788000 	/usr/lib/libmecabra.dylib
0x0000000008788000 	/System/Library/Frameworks/ApplicationServices.framework/Versions/A/Frameworks/ATS.framework/Versions/A/ATS
0x0000000008788000 	/System/Library/Frameworks/ApplicationServices.framework/Versions/A/Frameworks/ColorSync.framework/Versions/A/ColorSync
0x0000000008788000 	/System/Library/Frameworks/ApplicationServices.framework/Versions/A/Frameworks/HIServices.framework/Versions/A/HIServices
0x0000000008788000 	/System/Library/Frameworks/ApplicationServices.framework/Versions/A/Frameworks/LangAnalysis.framework/Versions/A/LangAnalysis
0x0000000008788000 	/System/Library/Frameworks/ApplicationServices.framework/Versions/A/Frameworks/PrintCore.framework/Versions/A/PrintCore
0x0000000008788000 	/System/Library/Frameworks/ApplicationServices.framework/Versions/A/Frameworks/QD.framework/Versions/A/QD
0x0000000008788000 	/System/Library/Frameworks/ApplicationServices.framework/Versions/A/Frameworks/SpeechSynthesis.framework/Versions/A/SpeechSynthesis
0x0000000008788000 	/System/Library/Frameworks/Accelerate.framework/Versions/A/Accelerate
0x0000000008788000 	/System/Library/Frameworks/Accelerate.framework/Versions/A/Frameworks/vImage.framework/Versions/A/vImage
0x0000000008788000 	/System/Library/Frameworks/Accelerate.framework/Versions/A/Frameworks/vecLib.framework/Versions/A/vecLib
0x0000000008788000 	/System/Library/Frameworks/Accelerate.framework/Versions/A/Frameworks/vecLib.framework/Versions/A/libvDSP.dylib
0x0000000008788000 	/System/Library/Frameworks/Accelerate.framework/Versions/A/Frameworks/vecLib.framework/Versions/A/libvMisc.dylib
0x0000000008788000 	/System/Library/Frameworks/Accelerate.framework/Versions/A/Frameworks/vecLib.framework/Versions/A/libLAPACK.dylib
0x0000000008788000 	/System/Library/Frameworks/Accelerate.framework/Versions/A/Frameworks/vecLib.framework/Versions/A/libBLAS.dylib
0x0000000008788000 	/System/Library/Frameworks/Accelerate.framework/Versions/A/Frameworks/vecLib.framework/Versions/A/libLinearAlgebra.dylib
0x0000000008788000 	/System/Library/Frameworks/ApplicationServices.framework/Versions/A/Frameworks/ATS.framework/Versions/A/Resources/libFontParser.dylib
0x0000000008788000 	/System/Library/Frameworks/ApplicationServices.framework/Versions/A/Frameworks/ATS.framework/Versions/A/Resources/libFontRegistry.dylib
0x0000000008788000 	/System/Library/PrivateFrameworks/AppleVPA.framework/Versions/A/AppleVPA
0x0000000008788000 	/System/Library/PrivateFrameworks/AppleJPEG.framework/Versions/A/AppleJPEG
0x0000000008788000 	/System/Library/Frameworks/ImageIO.framework/Versions/A/Resources/libJPEG.dylib
0x0000000008788000 	/System/Library/Frameworks/ImageIO.framework/Versions/A/Resources/libTIFF.dylib
0x0000000008788000 	/System/Library/Frameworks/ImageIO.framework/Versions/A/Resources/libPng.dylib
0x0000000008788000 	/System/Library/Frameworks/ImageIO.framework/Versions/A/Resources/libGIF.dylib
0x0000000008788000 	/System/Library/Frameworks/ImageIO.framework/Versions/A/Resources/libJP2.dylib
0x0000000008788000 	/System/Library/Frameworks/ImageIO.framework/Versions/A/Resources/libRadiance.dylib
0x0000000008788000 	/System/Library/Frameworks/CoreVideo.framework/Versions/A/CoreVideo
0x0000000008788000 	/System/Library/Frameworks/OpenGL.framework/Versions/A/Libraries/libGLU.dylib
0x0000000008788000 	/System/Library/Frameworks/OpenGL.framework/Versions/A/Libraries/libGFXShared.dylib
0x0000000008788000 	/System/Library/Frameworks/OpenGL.framework/Versions/A/Libraries/libGL.dylib
0x0000000008788000 	/System/Library/Frameworks/OpenGL.framework/Versions/A/Libraries/libGLImage.dylib
0x0000000008788000 	/System/Library/Frameworks/OpenGL.framework/Versions/A/Libraries/libCVMSPluginSupport.dylib
0x0000000008788000 	/System/Library/Frameworks/OpenGL.framework/Versions/A/Libraries/libCoreVMClient.dylib
0x0000000008788000 	/usr/lib/libcups.2.dylib
0x0000000008788000 	/System/Library/Frameworks/Kerberos.framework/Versions/A/Kerberos
0x0000000008788000 	/System/Library/Frameworks/GSS.framework/Versions/A/GSS
0x0000000008788000 	/usr/lib/libresolv.9.dylib
0x0000000008788000 	/usr/lib/libiconv.2.dylib
0x0000000008788000 	/System/Library/PrivateFrameworks/Heimdal.framework/Versions/A/Heimdal
0x0000000008788000 	/usr/lib/libheimdal-asn1.dylib
0x0000000008788000 	/System/Library/Frameworks/OpenDirectory.framework/Versions/A/OpenDirectory
0x0000000008788000 	/System/Library/PrivateFrameworks/CommonAuth.framework/Versions/A/CommonAuth
0x0000000008788000 	/System/Library/Frameworks/OpenDirectory.framework/Versions/A/Frameworks/CFOpenDirectory.framework/Versions/A/CFOpenDirectory
0x0000000008788000 	/System/Library/Frameworks/SecurityFoundation.framework/Versions/A/SecurityFoundation
0x0000000008788000 	/System/Library/PrivateFrameworks/LanguageModeling.framework/Versions/A/LanguageModeling
0x0000000008788000 	/usr/lib/libcmph.dylib
0x0000000008788000 	/System/Library/Frameworks/ServiceManagement.framework/Versions/A/ServiceManagement
0x0000000008788000 	/usr/lib/libxslt.1.dylib
0x0000000008788000 	/System/Library/Frameworks/Carbon.framework/Versions/A/Frameworks/Ink.framework/Versions/A/Ink
0x0000000008788000 	/System/Library/Frameworks/QuartzCore.framework/Versions/A/Frameworks/CoreImage.framework/Versions/A/CoreImage
0x0000000008788000 	/System/Library/PrivateFrameworks/CrashReporterSupport.framework/Versions/A/CrashReporterSupport
0x0000000008788000 	/System/Library/Frameworks/OpenCL.framework/Versions/A/OpenCL
0x0000000008788000 	/System/Library/PrivateFrameworks/FaceCore.framework/Versions/A/FaceCore
0x0000000008788000 	/System/Library/PrivateFrameworks/Ubiquity.framework/Versions/A/Ubiquity
0x0000000008788000 	/System/Library/PrivateFrameworks/IconServices.framework/Versions/A/IconServices
0x0000000008788000 	/System/Library/PrivateFrameworks/ChunkingLibrary.framework/Versions/A/ChunkingLibrary
0x0000000008788000 	/System/Library/PrivateFrameworks/Apple80211.framework/Versions/A/Apple80211
0x0000000008788000 	/System/Library/Frameworks/CoreWLAN.framework/Versions/A/CoreWLAN
0x0000000008788000 	/System/Library/Frameworks/IOBluetooth.framework/Versions/A/IOBluetooth
0x0000000008788000 	/System/Library/PrivateFrameworks/CoreWiFi.framework/Versions/A/CoreWiFi
0x0000000008788000 	/System/Library/Frameworks/CoreBluetooth.framework/Versions/A/CoreBluetooth
0x0000000008788000 	/System/Library/PrivateFrameworks/DebugSymbols.framework/Versions/A/DebugSymbols
0x0000000008788000 	/System/Library/PrivateFrameworks/CoreSymbolication.framework/Versions/A/CoreSymbolication
0x0000000008788000 	/System/Library/PrivateFrameworks/Symbolication.framework/Versions/A/Symbolication
0x0000000008788000 	/System/Library/PrivateFrameworks/SpeechRecognitionCore.framework/Versions/A/SpeechRecognitionCore
0x0000000100cc4000 	/System/Library/CoreServices/Encodings/libSimplifiedChineseConverter.dylib
0x0000000100dbc000 	/Library/Java/JavaVirtualMachines/jdk1.8.0_20.jdk/Contents/Home/jre/lib/server/libjvm.dylib
0x0000000008788000 	/usr/lib/libstdc++.6.dylib
0x0000000101dda000 	/Library/Java/JavaVirtualMachines/jdk1.8.0_20.jdk/Contents/Home/jre/lib/libverify.dylib
0x0000000101de8000 	/Library/Java/JavaVirtualMachines/jdk1.8.0_20.jdk/Contents/Home/jre/lib/libjava.dylib
0x0000000101e26000 	/Library/Java/JavaVirtualMachines/jdk1.8.0_20.jdk/Contents/Home/jre/lib/libzip.dylib
0x00000001439e8000 	/System/Library/Frameworks/JavaVM.framework/Frameworks/JavaRuntimeSupport.framework/JavaRuntimeSupport
0x0000000187b1f000 	/System/Library/Frameworks/JavaVM.framework/Versions/A/Frameworks/JavaNativeFoundation.framework/Versions/A/JavaNativeFoundation
0x00000001111f3000 	/System/Library/Frameworks/JavaVM.framework/Versions/A/JavaVM
0x0000000008788000 	/System/Library/Frameworks/Carbon.framework/Versions/A/Carbon
0x0000000187b33000 	/System/Library/PrivateFrameworks/JavaLaunching.framework/Versions/A/JavaLaunching
0x0000000008788000 	/System/Library/Frameworks/Carbon.framework/Versions/A/Frameworks/CommonPanels.framework/Versions/A/CommonPanels
0x0000000008788000 	/System/Library/Frameworks/Carbon.framework/Versions/A/Frameworks/Help.framework/Versions/A/Help
0x0000000008788000 	/System/Library/Frameworks/Carbon.framework/Versions/A/Frameworks/ImageCapture.framework/Versions/A/ImageCapture
0x0000000008788000 	/System/Library/Frameworks/Carbon.framework/Versions/A/Frameworks/OpenScripting.framework/Versions/A/OpenScripting
0x0000000008788000 	/System/Library/Frameworks/Carbon.framework/Versions/A/Frameworks/Print.framework/Versions/A/Print
0x0000000008788000 	/System/Library/Frameworks/Carbon.framework/Versions/A/Frameworks/SecurityHI.framework/Versions/A/SecurityHI
0x000000018992b000 	/Library/Java/JavaVirtualMachines/jdk1.8.0_20.jdk/Contents/Home/jre/lib/libnet.dylib
0x0000000189942000 	/Library/Java/JavaVirtualMachines/jdk1.8.0_20.jdk/Contents/Home/jre/lib/libnio.dylib
0x0000000189bc3000 	/Users/carocean/studio/lns/build/netsite/lib/bin/lib/x86_64-MacOSX-gpp/jni/libbarchart-udt-core-2.3.0-SNAPSHOT.jnilib
0x000000018995c000 	/Library/Java/JavaVirtualMachines/jdk1.8.0_20.jdk/Contents/Home/jre/lib/libmanagement.dylib

VM Arguments:
jvm_args: -Xms50m -Xmx800m 
java_command: netsite-1.0.jar
java_class_path (initial): netsite-1.0.jar
Launcher Type: SUN_STANDARD

Environment Variables:
PATH=/usr/local/bin:/usr/bin:/bin:/usr/sbin:/sbin:/Users/carocean/studio/adt-bundle-mac-x86_64-20140702/sdk/tools:/Users/carocean/studio/adt-bundle-mac-x86_64-20140702/sdk/platform-tools:/Users/carocean/studio/apache-ant-1.9.4/bin
SHELL=/bin/bash

Signal Handlers:
SIGSEGV: [libjvm.dylib+0x578fd7], sa_mask[0]=11111111011111110111111111111111, sa_flags=SA_ONSTACK|SA_RESTART|SA_SIGINFO
SIGBUS: [libjvm.dylib+0x578fd7], sa_mask[0]=11111111011111110111111111111111, sa_flags=SA_RESTART|SA_SIGINFO
SIGFPE: [libjvm.dylib+0x45ab0c], sa_mask[0]=11111111011111110111111111111111, sa_flags=SA_RESTART|SA_SIGINFO
SIGPIPE: [libjvm.dylib+0x45ab0c], sa_mask[0]=11111111011111110111111111111111, sa_flags=SA_RESTART|SA_SIGINFO
SIGXFSZ: [libjvm.dylib+0x45ab0c], sa_mask[0]=11111111011111110111111111111111, sa_flags=SA_RESTART|SA_SIGINFO
SIGILL: [libjvm.dylib+0x45ab0c], sa_mask[0]=11111111011111110111111111111111, sa_flags=SA_RESTART|SA_SIGINFO
SIGUSR1: SIG_DFL, sa_mask[0]=11011111011111100000000111000110, sa_flags=none
SIGUSR2: [libjvm.dylib+0x45a62a], sa_mask[0]=00000000000000000000000000000000, sa_flags=SA_RESTART|SA_SIGINFO
SIGHUP: [libjvm.dylib+0x458bfd], sa_mask[0]=11111111011111110111111111111111, sa_flags=SA_RESTART|SA_SIGINFO
SIGINT: [libjvm.dylib+0x458bfd], sa_mask[0]=11111111011111110111111111111111, sa_flags=SA_RESTART|SA_SIGINFO
SIGTERM: [libjvm.dylib+0x458bfd], sa_mask[0]=11111111011111110111111111111111, sa_flags=SA_RESTART|SA_SIGINFO
SIGQUIT: [libjvm.dylib+0x458bfd], sa_mask[0]=11111111011111110111111111111111, sa_flags=SA_RESTART|SA_SIGINFO


---------------  S Y S T E M  ---------------

OS:Bsduname:Darwin 14.1.0 Darwin Kernel Version 14.1.0: Mon Dec 22 23:10:38 PST 2014; root:xnu-2782.10.72~2/RELEASE_X86_64 x86_64
rlimit: STACK 8192k, CORE 0k, NPROC 709, NOFILE 10240, AS infinity
load average:4.63 3.73 3.69

CPU:total 4 (2 cores per cpu, 2 threads per core) family 6 model 69 stepping 1, cmov, cx8, fxsr, mmx, sse, sse2, sse3, ssse3, sse4.1, sse4.2, popcnt, avx, avx2, aes, clmul, erms, lzcnt, ht, tsc, tscinvbit, bmi1, bmi2

Memory: 4k page, physical 8388608k(985844k free)

/proc/meminfo:


vm_info: Java HotSpot(TM) 64-Bit Server VM (25.20-b23) for bsd-amd64 JRE (1.8.0_20-b26), built on Jul 30 2014 13:37:47 by "java_re" with gcc 4.2.1 (Based on Apple Inc. build 5658) (LLVM build 2336.9.00)

time: Wed Mar  4 22:05:19 2015
elapsed time: 1 seconds (0d 0h 0m 1s)

